c:\ian\projects\gif_maker\gif_maker\gif_maker\x64\debug\vc143.pdb
c:\ian\projects\gif_maker\gif_maker\gif_maker\x64\debug\vc143.idb
c:\ian\projects\gif_maker\gif_maker\gif_maker\x64\debug\view.obj
c:\ian\projects\gif_maker\gif_maker\gif_maker\x64\debug\mainfunctions.obj
c:\ian\projects\gif_maker\gif_maker\gif_maker\x64\debug\main.obj
c:\ian\projects\gif_maker\gif_maker\gif_maker\x64\debug\projectfunctions.obj
c:\ian\projects\gif_maker\gif_maker\gif_maker\x64\debug\linkedlist.obj
c:\ian\projects\gif_maker\gif_maker\x64\debug\gif_maker.pdb
c:\ian\projects\gif_maker\gif_maker\gif_maker\x64\debug\gif_maker.tlog\cl.command.1.tlog
c:\ian\projects\gif_maker\gif_maker\gif_maker\x64\debug\gif_maker.tlog\cl.items.tlog
c:\ian\projects\gif_maker\gif_maker\gif_maker\x64\debug\gif_maker.tlog\cl.read.1.tlog
c:\ian\projects\gif_maker\gif_maker\gif_maker\x64\debug\gif_maker.tlog\cl.write.1.tlog
c:\ian\projects\gif_maker\gif_maker\gif_maker\x64\debug\gif_maker.tlog\link-cvtres.read.1.tlog
c:\ian\projects\gif_maker\gif_maker\gif_maker\x64\debug\gif_maker.tlog\link-cvtres.write.1.tlog
c:\ian\projects\gif_maker\gif_maker\gif_maker\x64\debug\gif_maker.tlog\link-rc.read.1.tlog
c:\ian\projects\gif_maker\gif_maker\gif_maker\x64\debug\gif_maker.tlog\link-rc.write.1.tlog
c:\ian\projects\gif_maker\gif_maker\gif_maker\x64\debug\gif_maker.tlog\link.17348-cvtres.read.1.tlog
c:\ian\projects\gif_maker\gif_maker\gif_maker\x64\debug\gif_maker.tlog\link.17348-cvtres.write.1.tlog
c:\ian\projects\gif_maker\gif_maker\gif_maker\x64\debug\gif_maker.tlog\link.17348-rc.read.1.tlog
c:\ian\projects\gif_maker\gif_maker\gif_maker\x64\debug\gif_maker.tlog\link.17348-rc.write.1.tlog
c:\ian\projects\gif_maker\gif_maker\gif_maker\x64\debug\gif_maker.tlog\link.17348.read.1.tlog
c:\ian\projects\gif_maker\gif_maker\gif_maker\x64\debug\gif_maker.tlog\link.17348.read.2.tlog
c:\ian\projects\gif_maker\gif_maker\gif_maker\x64\debug\gif_maker.tlog\link.17348.write.1.tlog
c:\ian\projects\gif_maker\gif_maker\gif_maker\x64\debug\gif_maker.tlog\link.command.1.tlog
c:\ian\projects\gif_maker\gif_maker\gif_maker\x64\debug\gif_maker.tlog\link.read.1.tlog
c:\ian\projects\gif_maker\gif_maker\gif_maker\x64\debug\gif_maker.tlog\link.read.2.tlog
c:\ian\projects\gif_maker\gif_maker\gif_maker\x64\debug\gif_maker.tlog\link.read.3.tlog
c:\ian\projects\gif_maker\gif_maker\gif_maker\x64\debug\gif_maker.tlog\link.write.1.tlog
